<?xml version="1.0" encoding="UTF-8"?>
<!-- Generated by org.testng.reporters.JUnitXMLReporter -->
<testsuite ignored="0" hostname="LAPTOP-51GP88MM" failures="0" tests="4" name="Users and Products" time="0.05" errors="0" timestamp="2023-05-01T16:13:10 IST">
  <testcase classname="com.sgtesting.users.Users" name="createUser" time="0.004"/>
  <testcase classname="com.sgtesting.users.Users" name="deleteUser" time="0.001"/>
  <testcase classname="com.sgtesting.products.Products" name="createProduct" time="0.0"/>
  <testcase classname="com.sgtesting.products.Products" name="deleteProduct" time="0.001"/>
</testsuite> <!-- Users and Products -->
